app/build/outputs/logs/manifest-merger-debug-report.txt
-- Merging decision tree log ---
manifest
ADDED from src\main\AndroidManifest.xml:2:1-95:12
	package
		ADDED from src\main\AndroidManifest.xml:3:5-39
		INJECTED from src\main\AndroidManifest.xml
		INJECTED from src\main\AndroidManifest.xml
	android:versionName
		ADDED from src\main\AndroidManifest.xml:5:5-33
		INJECTED from src\main\AndroidManifest.xml
		INJECTED from src\main\AndroidManifest.xml
	android:versionCode
		ADDED from src\main\AndroidManifest.xml:4:5-31
		INJECTED from src\main\AndroidManifest.xml
		INJECTED from src\main\AndroidManifest.xml
	xmlns:android
		ADDED from src\main\AndroidManifest.xml:2:11-69
	android:installLocation
		ADDED from src\main\AndroidManifest.xml:5:34-72
uses-sdk
ADDED from src\main\AndroidManifest.xml:7:5-73
	android:targetSdkVersion
		ADDED from src\main\AndroidManifest.xml:7:42-71
		INJECTED from src\main\AndroidManifest.xml
		INJECTED from src\main\AndroidManifest.xml
	android:minSdkVersion
		ADDED from src\main\AndroidManifest.xml:7:15-41
		INJECTED from src\main\AndroidManifest.xml
		INJECTED from src\main\AndroidManifest.xml
uses-permission#android.permission.CAMERA
ADDED from src\main\AndroidManifest.xml:8:5-64
	android:name
		ADDED from src\main\AndroidManifest.xml:8:22-62
uses-permission#android.permission.FLASHLIGHT
ADDED from src\main\AndroidManifest.xml:9:5-68
	android:name
		ADDED from src\main\AndroidManifest.xml:9:22-66
uses-permission#android.permission.WRITE_EXTERNAL_STORAGE
ADDED from src\main\AndroidManifest.xml:10:5-80
	android:name
		ADDED from src\main\AndroidManifest.xml:10:22-78
uses-permission#android.permission.VIBRATE
ADDED from src\main\AndroidManifest.xml:11:5-65
	android:name
		ADDED from src\main\AndroidManifest.xml:11:22-63
uses-permission#android.permission.WAKE_LOCK
ADDED from src\main\AndroidManifest.xml:12:5-67
	android:name
		ADDED from src\main\AndroidManifest.xml:12:22-65
uses-permission#android.permission.INTERNET
ADDED from src\main\AndroidManifest.xml:13:5-66
	android:name
		ADDED from src\main\AndroidManifest.xml:13:22-64
uses-permission#android.permission.ACCESS_NETWORK_STATE
ADDED from src\main\AndroidManifest.xml:14:5-78
	android:name
		ADDED from src\main\AndroidManifest.xml:14:22-76
uses-permission#android.permission.BATTERY_STATS
ADDED from src\main\AndroidManifest.xml:15:5-71
	android:name
		ADDED from src\main\AndroidManifest.xml:15:22-69
uses-feature#android.hardware.camera
ADDED from src\main\AndroidManifest.xml:18:4-83
	android:required
		ADDED from src\main\AndroidManifest.xml:18:57-81
	android:name
		ADDED from src\main\AndroidManifest.xml:18:18-56
uses-feature#android.hardware.camera.front
ADDED from src\main\AndroidManifest.xml:19:4-89
	android:required
		ADDED from src\main\AndroidManifest.xml:19:63-87
	android:name
		ADDED from src\main\AndroidManifest.xml:19:18-62
uses-feature#android.hardware.camera.autofocus
ADDED from src\main\AndroidManifest.xml:20:4-93
	android:required
		ADDED from src\main\AndroidManifest.xml:20:67-91
	android:name
		ADDED from src\main\AndroidManifest.xml:20:18-66
uses-feature#android.hardware.camera.flash
ADDED from src\main\AndroidManifest.xml:21:4-89
	android:required
		ADDED from src\main\AndroidManifest.xml:21:63-87
	android:name
		ADDED from src\main\AndroidManifest.xml:21:18-62
uses-feature#android.hardware.screen.landscape
ADDED from src\main\AndroidManifest.xml:22:4-68
	android:name
		ADDED from src\main\AndroidManifest.xml:22:18-66
uses-feature#android.hardware.wifi
ADDED from src\main\AndroidManifest.xml:23:4-81
	android:required
		ADDED from src\main\AndroidManifest.xml:23:55-79
	android:name
		ADDED from src\main\AndroidManifest.xml:23:18-54
uses-feature#android.hardware.touchscreen
ADDED from src\main\AndroidManifest.xml:24:4-88
	android:required
		ADDED from src\main\AndroidManifest.xml:24:62-86
	android:name
		ADDED from src\main\AndroidManifest.xml:24:18-61
supports-screens
ADDED from src\main\AndroidManifest.xml:26:5-28:65
	android:largeScreens
		ADDED from src\main\AndroidManifest.xml:26:23-50
	android:smallScreens
		ADDED from src\main\AndroidManifest.xml:27:9-37
	android:normalScreens
		ADDED from src\main\AndroidManifest.xml:27:38-66
	android:xlargeScreens
		ADDED from src\main\AndroidManifest.xml:28:35-63
	android:resizeable
		ADDED from src\main\AndroidManifest.xml:28:9-34
	android:anyDensity
		ADDED from src\main\AndroidManifest.xml:27:67-92
application
ADDED from src\main\AndroidManifest.xml:30:5-93:19
	android:label
		ADDED from src\main\AndroidManifest.xml:32:9-41
	android:allowBackup
		ADDED from src\main\AndroidManifest.xml:32:42-68
	android:icon
		ADDED from src\main\AndroidManifest.xml:31:9-38
	android:largeHeap
		ADDED from src\main\AndroidManifest.xml:32:69-93
	android:name
		ADDED from src\main\AndroidManifest.xml:32:94-125
activity#com.epriest.cherryCamera.ccActivity
ADDED from src\main\AndroidManifest.xml:33:9-45:20
	android:screenOrientation
		ADDED from src\main\AndroidManifest.xml:37:13-50
	android:label
		ADDED from src\main\AndroidManifest.xml:34:13-45
	android:configChanges
		ADDED from src\main\AndroidManifest.xml:38:13-74
	android:theme
		ADDED from src\main\AndroidManifest.xml:35:13-71
	android:name
		ADDED from src\main\AndroidManifest.xml:36:13-39
intent-filter#android.intent.action.MAIN+android.intent.category.DEFAULT+android.intent.category.LAUNCHER
ADDED from src\main\AndroidManifest.xml:39:13-44:29
action#android.intent.action.MAIN
ADDED from src\main\AndroidManifest.xml:40:17-69
	android:name
		ADDED from src\main\AndroidManifest.xml:40:25-66
category#android.intent.category.LAUNCHER
ADDED from src\main\AndroidManifest.xml:41:17-77
	android:name
		ADDED from src\main\AndroidManifest.xml:41:27-74
category#android.intent.category.DEFAULT
ADDED from src\main\AndroidManifest.xml:43:17-76
	android:name
		ADDED from src\main\AndroidManifest.xml:43:27-73
activity#com.google.ads.AdActivity
ADDED from src\main\AndroidManifest.xml:54:7-56:14
	android:configChanges
		ADDED from src\main\AndroidManifest.xml:55:7-116
	android:name
		ADDED from src\main\AndroidManifest.xml:54:17-57
activity#com.epriest.cherryCamera.main.cCameraActivity
ADDED from src\main\AndroidManifest.xml:64:3-71:14
	android:screenOrientation
		ADDED from src\main\AndroidManifest.xml:67:7-44
	android:configChanges
		ADDED from src\main\AndroidManifest.xml:66:7-68
	android:theme
		ADDED from src\main\AndroidManifest.xml:65:7-65
	android:name
		ADDED from src\main\AndroidManifest.xml:64:13-73
intent-filter#android.intent.category.LAUNCHER
ADDED from src\main\AndroidManifest.xml:68:7-70:29
activity#com.epriest.cherryCamera.gallery.ccGalleryGridLoader
ADDED from src\main\AndroidManifest.xml:72:3-76:14
	android:screenOrientation
		ADDED from src\main\AndroidManifest.xml:75:42-78
	android:hardwareAccelerated
		ADDED from src\main\AndroidManifest.xml:75:7-41
	android:configChanges
		ADDED from src\main\AndroidManifest.xml:74:7-68
	android:theme
		ADDED from src\main\AndroidManifest.xml:73:7-65
	android:name
		ADDED from src\main\AndroidManifest.xml:72:13-56
activity#com.google.zxing.client.android.CaptureActivity
ADDED from src\main\AndroidManifest.xml:77:3-87:14
	android:screenOrientation
		ADDED from src\main\AndroidManifest.xml:79:5-42
	android:windowSoftInputMode
		ADDED from src\main\AndroidManifest.xml:82:5-52
	android:configChanges
		ADDED from src\main\AndroidManifest.xml:80:5-55
	android:theme
		ADDED from src\main\AndroidManifest.xml:81:5-63
	android:name
		ADDED from src\main\AndroidManifest.xml:78:5-67
intent-filter#android.intent.category.DEFAULT+com.google.zxing.client.android.SCAN
ADDED from src\main\AndroidManifest.xml:83:7-86:23
action#com.google.zxing.client.android.SCAN
ADDED from src\main\AndroidManifest.xml:84:9-70
	android:name
		ADDED from src\main\AndroidManifest.xml:84:17-68
activity#com.epriest.cherryCamera.gallery.ccGalleryPicviewAct
ADDED from src\main\AndroidManifest.xml:88:3-92:14
	android:screenOrientation
		ADDED from src\main\AndroidManifest.xml:91:42-78
	android:hardwareAccelerated
		ADDED from src\main\AndroidManifest.xml:91:7-41
	android:configChanges
		ADDED from src\main\AndroidManifest.xml:90:7-68
	android:theme
		ADDED from src\main\AndroidManifest.xml:89:7-65
	android:name
		ADDED from src\main\AndroidManifest.xml:88:13-56